E, [2017-10-09T01:14:40.912914 #22158] ERROR -- Kitchen: ------Exception-------
E, [2017-10-09T01:14:40.912984 #22158] ERROR -- Kitchen: Class: Kitchen::UserError
E, [2017-10-09T01:14:40.913038 #22158] ERROR -- Kitchen: Message: Kitchen YAML file /root/chef-repo/.kitchen.yml does not exist.
E, [2017-10-09T01:14:40.913055 #22158] ERROR -- Kitchen: ----------------------
E, [2017-10-09T01:14:40.913066 #22158] ERROR -- Kitchen: ------Backtrace-------
E, [2017-10-09T01:14:40.913077 #22158] ERROR -- Kitchen: /opt/chefdk/embedded/lib/ruby/gems/2.4.0/gems/test-kitchen-1.17.0/lib/kitchen/loader/yaml.rb:71:in `read'
E, [2017-10-09T01:14:40.913105 #22158] ERROR -- Kitchen: /opt/chefdk/embedded/lib/ruby/gems/2.4.0/gems/test-kitchen-1.17.0/lib/kitchen/config.rb:147:in `data'
E, [2017-10-09T01:14:40.913119 #22158] ERROR -- Kitchen: /opt/chefdk/embedded/lib/ruby/gems/2.4.0/gems/test-kitchen-1.17.0/lib/kitchen/config.rb:126:in `suites'
E, [2017-10-09T01:14:40.913131 #22158] ERROR -- Kitchen: /opt/chefdk/embedded/lib/ruby/gems/2.4.0/gems/test-kitchen-1.17.0/lib/kitchen/config.rb:177:in `filter_instances'
E, [2017-10-09T01:14:40.913142 #22158] ERROR -- Kitchen: /opt/chefdk/embedded/lib/ruby/gems/2.4.0/gems/test-kitchen-1.17.0/lib/kitchen/config.rb:136:in `build_instances'
E, [2017-10-09T01:14:40.913153 #22158] ERROR -- Kitchen: /opt/chefdk/embedded/lib/ruby/gems/2.4.0/gems/test-kitchen-1.17.0/lib/kitchen/config.rb:112:in `instances'
E, [2017-10-09T01:14:40.913164 #22158] ERROR -- Kitchen: /opt/chefdk/embedded/lib/ruby/gems/2.4.0/gems/test-kitchen-1.17.0/lib/kitchen/command.rb:112:in `filtered_instances'
E, [2017-10-09T01:14:40.913176 #22158] ERROR -- Kitchen: /opt/chefdk/embedded/lib/ruby/gems/2.4.0/gems/test-kitchen-1.17.0/lib/kitchen/command.rb:142:in `parse_subcommand'
E, [2017-10-09T01:14:40.913187 #22158] ERROR -- Kitchen: /opt/chefdk/embedded/lib/ruby/gems/2.4.0/gems/test-kitchen-1.17.0/lib/kitchen/command/list.rb:30:in `call'
E, [2017-10-09T01:14:40.913198 #22158] ERROR -- Kitchen: /opt/chefdk/embedded/lib/ruby/gems/2.4.0/gems/test-kitchen-1.17.0/lib/kitchen/cli.rb:53:in `perform'
E, [2017-10-09T01:14:40.913209 #22158] ERROR -- Kitchen: /opt/chefdk/embedded/lib/ruby/gems/2.4.0/gems/test-kitchen-1.17.0/lib/kitchen/cli.rb:121:in `list'
E, [2017-10-09T01:14:40.913220 #22158] ERROR -- Kitchen: /opt/chefdk/embedded/lib/ruby/gems/2.4.0/gems/thor-0.19.1/lib/thor/command.rb:27:in `run'
E, [2017-10-09T01:14:40.913232 #22158] ERROR -- Kitchen: /opt/chefdk/embedded/lib/ruby/gems/2.4.0/gems/thor-0.19.1/lib/thor/invocation.rb:126:in `invoke_command'
E, [2017-10-09T01:14:40.913243 #22158] ERROR -- Kitchen: /opt/chefdk/embedded/lib/ruby/gems/2.4.0/gems/test-kitchen-1.17.0/lib/kitchen/cli.rb:334:in `invoke_task'
E, [2017-10-09T01:14:40.913254 #22158] ERROR -- Kitchen: /opt/chefdk/embedded/lib/ruby/gems/2.4.0/gems/thor-0.19.1/lib/thor.rb:359:in `dispatch'
E, [2017-10-09T01:14:40.913265 #22158] ERROR -- Kitchen: /opt/chefdk/embedded/lib/ruby/gems/2.4.0/gems/thor-0.19.1/lib/thor/base.rb:440:in `start'
E, [2017-10-09T01:14:40.913276 #22158] ERROR -- Kitchen: /opt/chefdk/embedded/lib/ruby/gems/2.4.0/gems/test-kitchen-1.17.0/bin/kitchen:13:in `block in <top (required)>'
E, [2017-10-09T01:14:40.913288 #22158] ERROR -- Kitchen: /opt/chefdk/embedded/lib/ruby/gems/2.4.0/gems/test-kitchen-1.17.0/lib/kitchen/errors.rb:171:in `with_friendly_errors'
E, [2017-10-09T01:14:40.913299 #22158] ERROR -- Kitchen: /opt/chefdk/embedded/lib/ruby/gems/2.4.0/gems/test-kitchen-1.17.0/bin/kitchen:13:in `<top (required)>'
E, [2017-10-09T01:14:40.913310 #22158] ERROR -- Kitchen: /bin/kitchen:267:in `load'
E, [2017-10-09T01:14:40.913320 #22158] ERROR -- Kitchen: /bin/kitchen:267:in `<main>'
E, [2017-10-09T01:14:40.913331 #22158] ERROR -- Kitchen: ----End Backtrace-----
