I, [2017-10-09T01:35:20.887484 #24068]  INFO -- default-centos-7: -----> Converging <default-centos-7>...
I, [2017-10-09T01:35:20.888445 #24068]  INFO -- default-centos-7: Preparing files for transfer
I, [2017-10-09T01:35:20.888538 #24068]  INFO -- default-centos-7: Preparing dna.json
I, [2017-10-09T01:35:20.888821 #24068]  INFO -- default-centos-7: Resolving cookbook dependencies with Berkshelf 6.3.1...
I, [2017-10-09T01:35:23.987933 #24068]  INFO -- default-centos-7: Removing non-cookbook files before transfer
I, [2017-10-09T01:35:23.989572 #24068]  INFO -- default-centos-7: Preparing validation.pem
I, [2017-10-09T01:35:23.989835 #24068]  INFO -- default-centos-7: Preparing client.rb
I, [2017-10-09T01:35:24.137946 #24068]  INFO -- default-centos-7: -----> Chef Omnibus installation detected (install only if missing)
I, [2017-10-09T01:35:24.157639 #24068]  INFO -- default-centos-7: Transferring files to <default-centos-7>
I, [2017-10-09T01:35:25.683054 #24068]  INFO -- default-centos-7: Starting Chef Client, version 13.5.3
I, [2017-10-09T01:35:26.653745 #24068]  INFO -- default-centos-7: resolving cookbooks for run list: ["learn_chef_httpd::default"]
I, [2017-10-09T01:35:26.673557 #24068]  INFO -- default-centos-7: Synchronizing Cookbooks:
I, [2017-10-09T01:35:26.676342 #24068]  INFO -- default-centos-7:   - learn_chef_httpd (0.3.2)
I, [2017-10-09T01:35:26.677789 #24068]  INFO -- default-centos-7: Installing Cookbook Gems:
I, [2017-10-09T01:35:26.678193 #24068]  INFO -- default-centos-7: Compiling Cookbooks...
I, [2017-10-09T01:35:26.682680 #24068]  INFO -- default-centos-7: Converging 5 resources
I, [2017-10-09T01:35:26.683051 #24068]  INFO -- default-centos-7: Recipe: learn_chef_httpd::default
I, [2017-10-09T01:35:27.389839 #24068]  INFO -- default-centos-7:   * yum_package[httpd] action install (up to date)
I, [2017-10-09T01:35:27.444259 #24068]  INFO -- default-centos-7:   * service[httpd] action enable (up to date)
I, [2017-10-09T01:35:27.497906 #24068]  INFO -- default-centos-7:   * service[httpd] action start (up to date)
I, [2017-10-09T01:35:27.498644 #24068]  INFO -- default-centos-7:   * group[web_admin] action create (up to date)
I, [2017-10-09T01:35:27.500207 #24068]  INFO -- default-centos-7:   * linux_user[web_admin] action create (up to date)
I, [2017-10-09T01:35:27.505211 #24068]  INFO -- default-centos-7:   * template[/var/www/html/index.html] action create (up to date)
I, [2017-10-09T01:35:27.530817 #24068]  INFO -- default-centos-7: 
I, [2017-10-09T01:35:27.531043 #24068]  INFO -- default-centos-7: Running handlers:
I, [2017-10-09T01:35:27.531235 #24068]  INFO -- default-centos-7: Running handlers complete
I, [2017-10-09T01:35:27.531377 #24068]  INFO -- default-centos-7: Chef Client finished, 0/6 resources updated in 01 seconds
I, [2017-10-09T01:35:27.558969 #24068]  INFO -- default-centos-7: Finished converging <default-centos-7> (0m6.67s).
